<?xml version="1.0" encoding="UTF-8"?>
<!-- Generated by org.testng.reporters.JUnitReportReporter -->
<testsuite ignored="0" hostname="MS" failures="0" tests="3" name="Project2024.SeleniumFrameWork.PurchaseOrderHashMapTest" time="66.538" errors="0" timestamp="19 Jan 2024 04:39:21 GMT" skipped="0">
  <testcase classname="Project2024.SeleniumFrameWork.PurchaseOrderHashMapTest" name="submitOrderTest" time="27.968"/>
  <testcase classname="Project2024.SeleniumFrameWork.PurchaseOrderHashMapTest" name="VerifyOrderHistroy" time="23.798"/>
  <testcase classname="Project2024.SeleniumFrameWork.PurchaseOrderHashMapTest" name="submitOrderTest" time="14.772"/>
</testsuite> <!-- Project2024.SeleniumFrameWork.PurchaseOrderHashMapTest -->
