<?xml version="1.0" encoding="UTF-8"?>
<!-- Generated by org.testng.reporters.JUnitReportReporter -->
<testsuite ignored="0" hostname="MS" failures="0" tests="2" name="Project2024.SeleniumFrameWork.StandAloneTest" time="48.537" errors="0" timestamp="26 Jan 2024 07:10:52 GMT" skipped="0">
  <testcase classname="Project2024.SeleniumFrameWork.StandAloneTest" name="submitOrderTest" time="31.892"/>
  <testcase classname="Project2024.SeleniumFrameWork.StandAloneTest" name="VerifyOrderHistroy" time="16.645"/>
</testsuite> <!-- Project2024.SeleniumFrameWork.StandAloneTest -->
