<?xml version="1.0" encoding="UTF-8"?>
<!-- Generated by org.testng.reporters.JUnitReportReporter -->
<testsuite ignored="0" hostname="MS" failures="0" tests="1" name="cucumber.TestNGTestRunner" time="8.828" errors="0" timestamp="01 Feb 2024 03:00:27 GMT" skipped="0">
  <testcase classname="cucumber.TestNGTestRunner" name="runScenario" time="8.828"/>
</testsuite> <!-- cucumber.TestNGTestRunner -->
